#-----------------------------------------------------------
# Vivado v2017.2 (64-bit)
# SW Build 1909853 on Thu Jun 15 18:39:09 MDT 2017
# IP Build 1909766 on Thu Jun 15 19:58:00 MDT 2017
# Start of session at: Tue Sep 26 13:44:30 2017
# Process ID: 5960
# Current directory: C:/SharedProjects/ROMake8_0
# Command line: vivado.exe -gui_launcher_event rodinguilauncherevent1640 C:\SharedProjects\ROMake8_0\ROMake8_0.xpr
# Log file: C:/SharedProjects/ROMake8_0/vivado.log
# Journal file: C:/SharedProjects/ROMake8_0\vivado.jou
#-----------------------------------------------------------
start_gui
open_project C:/SharedProjects/ROMake8_0/ROMake8_0.xpr
INFO: [Project 1-313] Project file moved from 'C:/SharedProjects/ROMake8_0/FPixII_test' since last save.
WARNING: [Project 1-312] File not found as 'C:/ROMake8/5b_bitstream.coe'; using path 'C:/SharedProjects/ROMake8/5b_bitstream.coe' instead.
WARNING: [Project 1-312] File not found as 'C:/ip_rom_howto/example_rom.coe'; using path 'C:/SharedProjects/ip_rom_howto/example_rom.coe' instead.
WARNING: [Project 1-312] File not found as 'C:/MostRecent_cdr/5b_bitstream.coe'; using path 'C:/SharedProjects/MostRecent_cdr/5b_bitstream.coe' instead.
Scanning sources...
Finished scanning sources
WARNING: [Project 1-312] File not found as 'C:/ROMake8/5b_bitstream.coe'; using path 'C:/SharedProjects/ROMake8/5b_bitstream.coe' instead.
WARNING: [Project 1-312] File not found as 'C:/ip_rom_howto/example_rom.coe'; using path 'C:/SharedProjects/ip_rom_howto/example_rom.coe' instead.
WARNING: [Project 1-312] File not found as 'C:/ROMake8/5b_bitstream.coe'; using path 'C:/SharedProjects/ROMake8/5b_bitstream.coe' instead.
WARNING: [Project 1-312] File not found as 'C:/ip_rom_howto/example_rom.coe'; using path 'C:/SharedProjects/ip_rom_howto/example_rom.coe' instead.
WARNING: [Project 1-312] File not found as 'C:/MostRecent_cdr/5b_bitstream.coe'; using path 'C:/SharedProjects/MostRecent_cdr/5b_bitstream.coe' instead.
INFO: [IP_Flow 19-234] Refreshing IP repositories
INFO: [IP_Flow 19-1704] No user IP repositories specified
INFO: [IP_Flow 19-2313] Loaded Vivado IP repository 'C:/Xilinx/Vivado/2017.2/data/ip'.
open_project: Time (s): cpu = 00:00:15 ; elapsed = 00:00:06 . Memory (MB): peak = 808.367 ; gain = 79.473
update_compile_order -fileset sources_1
open_bd_design {C:/SharedProjects/ROMake8_0/ROMake8_0.srcs/sources_1/bd/design_1/design_1.bd}
Adding cell -- xilinx.com:ip:clk_wiz:5.4 - clk_wiz_0
Adding cell -- xilinx.com:ip:blk_mem_gen:8.3 - blk_mem_gen_0
Adding cell -- xilinx.com:ip:c_counter_binary:12.0 - c_counter_binary_0
Adding cell -- ku.edu:module_ref:data_recovery:1.0 - data_recovery_0
CRITICAL WARNING: [BD 41-1726] Unable to resolve module-source for block '/data_recovery_0'.
Given inputs for module-source, Top-module name : data_recovery, Module Type : RTL.
Please review and update or add design-sources to this project to resolve this module-reference.
Adding cell -- ku.edu:module_ref:Byte_me:1.0 - Byte_me_0
CRITICAL WARNING: [BD 41-1726] Unable to resolve module-source for block '/Byte_me_0'.
Given inputs for module-source, Top-module name : Byte_me, Module Type : RTL.
Please review and update or add design-sources to this project to resolve this module-reference.
Successfully read diagram <design_1> from BD file <C:/SharedProjects/ROMake8_0/ROMake8_0.srcs/sources_1/bd/design_1/design_1.bd>
open_bd_design: Time (s): cpu = 00:00:09 ; elapsed = 00:00:08 . Memory (MB): peak = 867.168 ; gain = 55.797
exit
INFO: [Common 17-206] Exiting Vivado at Tue Sep 26 13:45:42 2017...
