#-----------------------------------------------------------
# Vivado v2017.2 (64-bit)
# SW Build 1909853 on Thu Jun 15 18:39:09 MDT 2017
# IP Build 1909766 on Thu Jun 15 19:58:00 MDT 2017
# Start of session at: Thu Sep 21 12:01:15 2017
# Process ID: 9036
# Current directory: C:/SharedProjects/ROMake8_0
# Command line: vivado.exe -gui_launcher_event rodinguilauncherevent2204 C:\SharedProjects\ROMake8_0\ROMake8_0.xpr
# Log file: C:/SharedProjects/ROMake8_0/vivado.log
# Journal file: C:/SharedProjects/ROMake8_0\vivado.jou
#-----------------------------------------------------------
start_gui
open_project C:/SharedProjects/ROMake8_0/ROMake8_0.xpr
Scanning sources...
Finished scanning sources
INFO: [IP_Flow 19-234] Refreshing IP repositories
INFO: [IP_Flow 19-1704] No user IP repositories specified
INFO: [IP_Flow 19-2313] Loaded Vivado IP repository 'C:/Xilinx/Vivado/2017.2/data/ip'.
open_project: Time (s): cpu = 00:00:13 ; elapsed = 00:00:06 . Memory (MB): peak = 821.129 ; gain = 69.781
update_compile_order -fileset sources_1
exit
INFO: [Common 17-206] Exiting Vivado at Thu Sep 21 12:17:33 2017...
