
*** Running vivado
    with args -log design_1_blk_mem_gen_0_0.vds -m64 -product Vivado -mode batch -messageDb vivado.pb -notrace -source design_1_blk_mem_gen_0_0.tcl


****** Vivado v2017.2 (64-bit)
  **** SW Build 1909853 on Thu Jun 15 18:39:09 MDT 2017
  **** IP Build 1909766 on Thu Jun 15 19:58:00 MDT 2017
    ** Copyright 1986-2017 Xilinx, Inc. All Rights Reserved.

source design_1_blk_mem_gen_0_0.tcl -notrace
Starting RTL Elaboration : Time (s): cpu = 00:00:06 ; elapsed = 00:00:07 . Memory (MB): peak = 329.430 ; gain = 81.238
INFO: [Synth 8-638] synthesizing module 'design_1_blk_mem_gen_0_0' [c:/SharedProjects/ROMake8_0/ROMake8_0.srcs/sources_1/bd/design_1/ip/design_1_blk_mem_gen_0_0/synth/design_1_blk_mem_gen_0_0.vhd:69]
INFO: [Synth 8-256] done synthesizing module 'design_1_blk_mem_gen_0_0' (9#1) [c:/SharedProjects/ROMake8_0/ROMake8_0.srcs/sources_1/bd/design_1/ip/design_1_blk_mem_gen_0_0/synth/design_1_blk_mem_gen_0_0.vhd:69]
Finished RTL Elaboration : Time (s): cpu = 00:01:00 ; elapsed = 00:01:02 . Memory (MB): peak = 535.160 ; gain = 286.969
Finished RTL Optimization Phase 1 : Time (s): cpu = 00:01:00 ; elapsed = 00:01:02 . Memory (MB): peak = 535.160 ; gain = 286.969
INFO: [Device 21-403] Loading part xc7vx485tffg1761-2
Constraint Validation Runtime : Time (s): cpu = 00:00:00 ; elapsed = 00:00:00.014 . Memory (MB): peak = 743.066 ; gain = 0.000
Finished Constraint Validation : Time (s): cpu = 00:01:22 ; elapsed = 00:01:23 . Memory (MB): peak = 743.066 ; gain = 494.875
Finished Loading Part and Timing Information : Time (s): cpu = 00:01:22 ; elapsed = 00:01:23 . Memory (MB): peak = 743.066 ; gain = 494.875
Finished applying 'set_property' XDC Constraints : Time (s): cpu = 00:01:22 ; elapsed = 00:01:24 . Memory (MB): peak = 743.066 ; gain = 494.875
Finished RTL Optimization Phase 2 : Time (s): cpu = 00:01:22 ; elapsed = 00:01:24 . Memory (MB): peak = 743.066 ; gain = 494.875
Finished Cross Boundary and Area Optimization : Time (s): cpu = 00:01:22 ; elapsed = 00:01:24 . Memory (MB): peak = 743.066 ; gain = 494.875
Finished Applying XDC Timing Constraints : Time (s): cpu = 00:01:34 ; elapsed = 00:01:36 . Memory (MB): peak = 757.797 ; gain = 509.605
Finished Timing Optimization : Time (s): cpu = 00:01:34 ; elapsed = 00:01:36 . Memory (MB): peak = 757.797 ; gain = 509.605
Finished Technology Mapping : Time (s): cpu = 00:01:34 ; elapsed = 00:01:36 . Memory (MB): peak = 767.938 ; gain = 519.746
Finished IO Insertion : Time (s): cpu = 00:01:35 ; elapsed = 00:01:36 . Memory (MB): peak = 767.938 ; gain = 519.746
Finished Renaming Generated Instances : Time (s): cpu = 00:01:35 ; elapsed = 00:01:36 . Memory (MB): peak = 767.938 ; gain = 519.746
Finished Rebuilding User Hierarchy : Time (s): cpu = 00:01:35 ; elapsed = 00:01:36 . Memory (MB): peak = 767.938 ; gain = 519.746
Finished Renaming Generated Ports : Time (s): cpu = 00:01:35 ; elapsed = 00:01:36 . Memory (MB): peak = 767.938 ; gain = 519.746
Finished Handling Custom Attributes : Time (s): cpu = 00:01:35 ; elapsed = 00:01:36 . Memory (MB): peak = 767.938 ; gain = 519.746
Finished Renaming Generated Nets : Time (s): cpu = 00:01:35 ; elapsed = 00:01:36 . Memory (MB): peak = 767.938 ; gain = 519.746

Report Cell Usage: 
+------+---------+------+
|      |Cell     |Count |
+------+---------+------+
|1     |RAMB18E1 |     1|
+------+---------+------+
Finished Writing Synthesis Report : Time (s): cpu = 00:01:35 ; elapsed = 00:01:36 . Memory (MB): peak = 767.938 ; gain = 519.746
synth_design: Time (s): cpu = 00:01:38 ; elapsed = 00:01:40 . Memory (MB): peak = 794.047 ; gain = 549.840
