Unable to capture context for thread 8484 in process 6852, can not generate back trace
Exception at PC 0x000007FEB119BB93
Printing stacktrace...

[0]  [0x000007FEB119BB93]
[1]  [0x000007FEB119BB93]
[2]  [0x000007FEB119B4A1]
[3]  [0x000007FEB119B3EF]
[4]  [0x000007FEB11819FE]
[5]  [0x000007FEB1180ED1]
[6]  [0x000007FEB1180D76]
[7]  [0x000007FEB11279F6]
[8]  [0x000007FEB1117AFB]
[9]  [0x000007FEB123E90A]
[10]  [0x000007FEB1259F87]
[11]  [0x000007FEB125A05F]
[12] (BaseThreadInitThunk+0xd) [0x0000000076E459CD]
[13] (RtlUserThreadStart+0x21) [0x0000000076F7A561]
Done
Exception at PC 0x000007FEB0EA1A52
Attemped to write at address 0x000007FEE52CABA4
Printing stacktrace...

[0]  [0x000007FEB0EA1A52]
[1]  [0x000007FEB0EA1A52]
[2]  [0x000007FEB0EA1AD4]
[3]  [0x000007FEB0FE3FF7]
[4]  [0x000007FEB0EC9128]
[5]  [0x000007FEB117DFB9]
[6]  [0x000007FEB134EF23]
[7]  [0x000007FEB125B06B]
[8]  [0x000007FEB12508AF]
[9]  [0x000007FEB1250A32]
[10] (LdrShutdownProcess+0x1d1) [0x0000000076F72AC1]
[11] (RtlExitUserProcess+0x90) [0x0000000076F728D0]
[12] (wcstoui64+0x2fa) [0x000007FEFDCA99E2]
[13]  [0x00000000004014CD]
[14]  [0x000000000040151B]
[15] (BaseThreadInitThunk+0xd) [0x0000000076E459CD]
[16] (RtlUserThreadStart+0x21) [0x0000000076F7A561]
Done
