
*** Running vivado
    with args -log design_1_clk_wiz_0_0.vds -m64 -product Vivado -mode batch -messageDb vivado.pb -notrace -source design_1_clk_wiz_0_0.tcl


****** Vivado v2017.2 (64-bit)
  **** SW Build 1909853 on Thu Jun 15 18:39:09 MDT 2017
  **** IP Build 1909766 on Thu Jun 15 19:58:00 MDT 2017
    ** Copyright 1986-2017 Xilinx, Inc. All Rights Reserved.

source design_1_clk_wiz_0_0.tcl -notrace
Starting RTL Elaboration : Time (s): cpu = 00:00:06 ; elapsed = 00:00:07 . Memory (MB): peak = 329.500 ; gain = 78.027
INFO: [Synth 8-638] synthesizing module 'design_1_clk_wiz_0_0' [c:/SharedProjects/ROMake8_0/ROMake8_0.srcs/sources_1/bd/design_1/ip/design_1_clk_wiz_0_0/design_1_clk_wiz_0_0.v:70]
INFO: [Synth 8-638] synthesizing module 'design_1_clk_wiz_0_0_clk_wiz' [c:/SharedProjects/ROMake8_0/ROMake8_0.srcs/sources_1/bd/design_1/ip/design_1_clk_wiz_0_0/design_1_clk_wiz_0_0_clk_wiz.v:68]
INFO: [Synth 8-638] synthesizing module 'IBUF' [C:/Xilinx/Vivado/2017.2/scripts/rt/data/unisim_comp.v:14470]
INFO: [Synth 8-256] done synthesizing module 'IBUF' (1#1) [C:/Xilinx/Vivado/2017.2/scripts/rt/data/unisim_comp.v:14470]
INFO: [Synth 8-638] synthesizing module 'MMCME2_ADV' [C:/Xilinx/Vivado/2017.2/scripts/rt/data/unisim_comp.v:20759]
INFO: [Synth 8-256] done synthesizing module 'MMCME2_ADV' (2#1) [C:/Xilinx/Vivado/2017.2/scripts/rt/data/unisim_comp.v:20759]
INFO: [Synth 8-638] synthesizing module 'BUFG' [C:/Xilinx/Vivado/2017.2/scripts/rt/data/unisim_comp.v:607]
INFO: [Synth 8-256] done synthesizing module 'BUFG' (3#1) [C:/Xilinx/Vivado/2017.2/scripts/rt/data/unisim_comp.v:607]
INFO: [Synth 8-256] done synthesizing module 'design_1_clk_wiz_0_0_clk_wiz' (4#1) [c:/SharedProjects/ROMake8_0/ROMake8_0.srcs/sources_1/bd/design_1/ip/design_1_clk_wiz_0_0/design_1_clk_wiz_0_0_clk_wiz.v:68]
INFO: [Synth 8-256] done synthesizing module 'design_1_clk_wiz_0_0' (5#1) [c:/SharedProjects/ROMake8_0/ROMake8_0.srcs/sources_1/bd/design_1/ip/design_1_clk_wiz_0_0/design_1_clk_wiz_0_0.v:70]
Finished RTL Elaboration : Time (s): cpu = 00:00:08 ; elapsed = 00:00:10 . Memory (MB): peak = 369.891 ; gain = 118.418
Finished RTL Optimization Phase 1 : Time (s): cpu = 00:00:09 ; elapsed = 00:00:10 . Memory (MB): peak = 369.891 ; gain = 118.418
INFO: [Device 21-403] Loading part xc7vx485tffg1761-2
Constraint Validation Runtime : Time (s): cpu = 00:00:00 ; elapsed = 00:00:00.024 . Memory (MB): peak = 735.055 ; gain = 0.000
Finished Constraint Validation : Time (s): cpu = 00:00:46 ; elapsed = 00:01:02 . Memory (MB): peak = 735.055 ; gain = 483.582
Finished Loading Part and Timing Information : Time (s): cpu = 00:00:46 ; elapsed = 00:01:02 . Memory (MB): peak = 735.055 ; gain = 483.582
Finished applying 'set_property' XDC Constraints : Time (s): cpu = 00:00:46 ; elapsed = 00:01:02 . Memory (MB): peak = 735.055 ; gain = 483.582
Finished RTL Optimization Phase 2 : Time (s): cpu = 00:00:46 ; elapsed = 00:01:02 . Memory (MB): peak = 735.055 ; gain = 483.582
Finished Cross Boundary and Area Optimization : Time (s): cpu = 00:00:47 ; elapsed = 00:01:03 . Memory (MB): peak = 735.055 ; gain = 483.582
Finished Applying XDC Timing Constraints : Time (s): cpu = 00:01:07 ; elapsed = 00:01:24 . Memory (MB): peak = 745.617 ; gain = 494.145
Finished Timing Optimization : Time (s): cpu = 00:01:07 ; elapsed = 00:01:24 . Memory (MB): peak = 745.617 ; gain = 494.145
Finished Technology Mapping : Time (s): cpu = 00:01:07 ; elapsed = 00:01:24 . Memory (MB): peak = 754.758 ; gain = 503.285
Finished IO Insertion : Time (s): cpu = 00:01:08 ; elapsed = 00:01:26 . Memory (MB): peak = 754.758 ; gain = 503.285
Finished Renaming Generated Instances : Time (s): cpu = 00:01:08 ; elapsed = 00:01:26 . Memory (MB): peak = 754.758 ; gain = 503.285
Finished Rebuilding User Hierarchy : Time (s): cpu = 00:01:08 ; elapsed = 00:01:26 . Memory (MB): peak = 754.758 ; gain = 503.285
Finished Renaming Generated Ports : Time (s): cpu = 00:01:08 ; elapsed = 00:01:26 . Memory (MB): peak = 754.758 ; gain = 503.285
Finished Handling Custom Attributes : Time (s): cpu = 00:01:08 ; elapsed = 00:01:26 . Memory (MB): peak = 754.758 ; gain = 503.285
Finished Renaming Generated Nets : Time (s): cpu = 00:01:08 ; elapsed = 00:01:26 . Memory (MB): peak = 754.758 ; gain = 503.285

Report Cell Usage: 
+------+-----------+------+
|      |Cell       |Count |
+------+-----------+------+
|1     |BUFG       |     2|
|2     |MMCME2_ADV |     1|
|3     |IBUF       |     1|
+------+-----------+------+
Finished Writing Synthesis Report : Time (s): cpu = 00:01:08 ; elapsed = 00:01:26 . Memory (MB): peak = 754.758 ; gain = 503.285
synth_design: Time (s): cpu = 00:01:12 ; elapsed = 00:01:31 . Memory (MB): peak = 780.844 ; gain = 535.828
