
*** Running vivado
    with args -log design_1_blk_mem_gen_0_0.vds -m64 -product Vivado -mode batch -messageDb vivado.pb -notrace -source design_1_blk_mem_gen_0_0.tcl


****** Vivado v2017.2 (64-bit)
  **** SW Build 1909853 on Thu Jun 15 18:39:09 MDT 2017
  **** IP Build 1909766 on Thu Jun 15 19:58:00 MDT 2017
    ** Copyright 1986-2017 Xilinx, Inc. All Rights Reserved.

source design_1_blk_mem_gen_0_0.tcl -notrace
Starting RTL Elaboration : Time (s): cpu = 00:00:10 ; elapsed = 00:00:11 . Memory (MB): peak = 328.781 ; gain = 78.953
INFO: [Synth 8-638] synthesizing module 'design_1_blk_mem_gen_0_0' [c:/SharedProjects/ROMake8_0/ROMake8_0.srcs/sources_1/bd/design_1/ip/design_1_blk_mem_gen_0_0/synth/design_1_blk_mem_gen_0_0.vhd:70]
INFO: [Synth 8-256] done synthesizing module 'design_1_blk_mem_gen_0_0' (9#1) [c:/SharedProjects/ROMake8_0/ROMake8_0.srcs/sources_1/bd/design_1/ip/design_1_blk_mem_gen_0_0/synth/design_1_blk_mem_gen_0_0.vhd:70]
Finished RTL Elaboration : Time (s): cpu = 00:01:26 ; elapsed = 00:01:34 . Memory (MB): peak = 534.676 ; gain = 284.848
Finished RTL Optimization Phase 1 : Time (s): cpu = 00:01:26 ; elapsed = 00:01:34 . Memory (MB): peak = 534.676 ; gain = 284.848
INFO: [Device 21-403] Loading part xc7vx485tffg1761-2
Constraint Validation Runtime : Time (s): cpu = 00:00:00 ; elapsed = 00:00:00.017 . Memory (MB): peak = 743.516 ; gain = 0.000
Finished Constraint Validation : Time (s): cpu = 00:01:51 ; elapsed = 00:02:11 . Memory (MB): peak = 743.516 ; gain = 493.688
Finished Loading Part and Timing Information : Time (s): cpu = 00:01:51 ; elapsed = 00:02:11 . Memory (MB): peak = 743.516 ; gain = 493.688
Finished applying 'set_property' XDC Constraints : Time (s): cpu = 00:01:51 ; elapsed = 00:02:11 . Memory (MB): peak = 743.516 ; gain = 493.688
Finished RTL Optimization Phase 2 : Time (s): cpu = 00:01:52 ; elapsed = 00:02:11 . Memory (MB): peak = 743.516 ; gain = 493.688
Finished Cross Boundary and Area Optimization : Time (s): cpu = 00:01:52 ; elapsed = 00:02:12 . Memory (MB): peak = 743.516 ; gain = 493.688
Finished Applying XDC Timing Constraints : Time (s): cpu = 00:02:05 ; elapsed = 00:02:25 . Memory (MB): peak = 757.246 ; gain = 507.418
Finished Timing Optimization : Time (s): cpu = 00:02:05 ; elapsed = 00:02:25 . Memory (MB): peak = 757.246 ; gain = 507.418
Finished Technology Mapping : Time (s): cpu = 00:02:05 ; elapsed = 00:02:25 . Memory (MB): peak = 767.387 ; gain = 517.559
Finished IO Insertion : Time (s): cpu = 00:02:06 ; elapsed = 00:02:26 . Memory (MB): peak = 767.387 ; gain = 517.559
Finished Renaming Generated Instances : Time (s): cpu = 00:02:06 ; elapsed = 00:02:26 . Memory (MB): peak = 767.387 ; gain = 517.559
Finished Rebuilding User Hierarchy : Time (s): cpu = 00:02:06 ; elapsed = 00:02:26 . Memory (MB): peak = 767.387 ; gain = 517.559
Finished Renaming Generated Ports : Time (s): cpu = 00:02:06 ; elapsed = 00:02:26 . Memory (MB): peak = 767.387 ; gain = 517.559
Finished Handling Custom Attributes : Time (s): cpu = 00:02:06 ; elapsed = 00:02:26 . Memory (MB): peak = 767.387 ; gain = 517.559
Finished Renaming Generated Nets : Time (s): cpu = 00:02:06 ; elapsed = 00:02:26 . Memory (MB): peak = 767.387 ; gain = 517.559

Report Cell Usage: 
+------+---------+------+
|      |Cell     |Count |
+------+---------+------+
|1     |RAMB18E1 |     1|
+------+---------+------+
Finished Writing Synthesis Report : Time (s): cpu = 00:02:06 ; elapsed = 00:02:26 . Memory (MB): peak = 767.387 ; gain = 517.559
synth_design: Time (s): cpu = 00:02:10 ; elapsed = 00:02:30 . Memory (MB): peak = 793.496 ; gain = 548.285
